Using pre-set license
Built from '2020.3/staging' branch; Version is '2020.3.16f1 (049d6eca3c44) revision 302446'; Using compiler version '192528614'; Build Type 'Release'
OS: 'Windows 10 Home; OS build 19042.1526; Version 2009; 64bit' Language: 'en' Physical Memory: 12055 MB
BatchMode: 1, IsHumanControllingUs: 0, StartBugReporterOnCrash: 0, Is64bit: 1, IsPro: 0

 COMMAND LINE ARGUMENTS:
C:\Program Files\Unity\Hub\Editor\2020.3.16f1\Editor\Unity.exe
-adb2
-batchMode
-noUpm
-name
AssetImportWorker0
-projectPath
C:/Users/among/Desktop/Unity Projects/Sound and Animation Tutorial/Project/Sound_and_Animation_Tut
-logFile
Logs/AssetImportWorker0.log
-srvPort
61660
Successfully changed project path to: C:/Users/among/Desktop/Unity Projects/Sound and Animation Tutorial/Project/Sound_and_Animation_Tut
C:/Users/among/Desktop/Unity Projects/Sound and Animation Tutorial/Project/Sound_and_Animation_Tut
Using Asset Import Pipeline V2.
Refreshing native plugins compatible for Editor in 170.89 ms, found 3 plugins.
Preloading 0 native plugins for Editor in 0.00 ms.
Initialize engine version: 2020.3.16f1 (049d6eca3c44)
[Subsystems] Discovering subsystems at path C:/Program Files/Unity/Hub/Editor/2020.3.16f1/Editor/Data/Resources/UnitySubsystems
[Subsystems] Discovering subsystems at path C:/Users/among/Desktop/Unity Projects/Sound and Animation Tutorial/Project/Sound_and_Animation_Tut/Assets
GfxDevice: creating device client; threaded=0
Direct3D:
    Version:  Direct3D 11.0 [level 11.1]
    Renderer: Intel(R) UHD Graphics (ID=0x8a56)
    Vendor:   
    VRAM:     6027 MB
    Driver:   27.20.100.9664
Initialize mono
Mono path[0] = 'C:/Program Files/Unity/Hub/Editor/2020.3.16f1/Editor/Data/Managed'
Mono path[1] = 'C:/Program Files/Unity/Hub/Editor/2020.3.16f1/Editor/Data/MonoBleedingEdge/lib/mono/unityjit'
Mono config path = 'C:/Program Files/Unity/Hub/Editor/2020.3.16f1/Editor/Data/MonoBleedingEdge/etc'
Using monoOptions --debugger-agent=transport=dt_socket,embedding=1,server=y,suspend=n,address=127.0.0.1:56268
Begin MonoManager ReloadAssembly
Registering precompiled unity dll's ...
Register platform support module: C:/Program Files/Unity/Hub/Editor/2020.3.16f1/Editor/Data/PlaybackEngines/WindowsStandaloneSupport/UnityEditor.WindowsStandalone.Extensions.dll
Registered in 0.006393 seconds.
Native extension for WindowsStandalone target not found
Refreshing native plugins compatible for Editor in 152.04 ms, found 3 plugins.
Preloading 0 native plugins for Editor in 0.00 ms.
Mono: successfully reloaded assembly
- Completed reload, in  3.565 seconds
Domain Reload Profiling:
	ReloadAssembly (3565ms)
		BeginReloadAssembly (170ms)
			ExecutionOrderSort (0ms)
			DisableScriptedObjects (0ms)
			BackupInstance (0ms)
			ReleaseScriptingObjects (0ms)
			CreateAndSetChildDomain (1ms)
		EndReloadAssembly (1305ms)
			LoadAssemblies (163ms)
			RebuildTransferFunctionScriptingTraits (0ms)
			SetupTypeCache (457ms)
			ReleaseScriptCaches (0ms)
			RebuildScriptCaches (82ms)
			SetupLoadedEditorAssemblies (521ms)
				LogAssemblyErrors (0ms)
				InitializePlatformSupportModulesInManaged (12ms)
				SetLoadedEditorAssemblies (1ms)
				RefreshPlugins (152ms)
				BeforeProcessingInitializeOnLoad (45ms)
				ProcessInitializeOnLoadAttributes (242ms)
				ProcessInitializeOnLoadMethodAttributes (68ms)
				AfterProcessingInitializeOnLoad (0ms)
				EditorAssembliesLoaded (1ms)
			ExecutionOrderSort2 (0ms)
			AwakeInstancesAfterBackupRestoration (0ms)
Platform modules already initialized, skipping
Registering precompiled user dll's ...
Registered in 0.014934 seconds.
Begin MonoManager ReloadAssembly
Native extension for WindowsStandalone target not found
Refreshing native plugins compatible for Editor in 128.44 ms, found 3 plugins.
Preloading 0 native plugins for Editor in 0.00 ms.
Mono: successfully reloaded assembly
- Completed reload, in  3.984 seconds
Domain Reload Profiling:
	ReloadAssembly (3987ms)
		BeginReloadAssembly (441ms)
			ExecutionOrderSort (0ms)
			DisableScriptedObjects (16ms)
			BackupInstance (0ms)
			ReleaseScriptingObjects (0ms)
			CreateAndSetChildDomain (36ms)
		EndReloadAssembly (3314ms)
			LoadAssemblies (318ms)
			RebuildTransferFunctionScriptingTraits (0ms)
			SetupTypeCache (986ms)
			ReleaseScriptCaches (1ms)
			RebuildScriptCaches (167ms)
			SetupLoadedEditorAssemblies (1426ms)
				LogAssemblyErrors (0ms)
				InitializePlatformSupportModulesInManaged (16ms)
				SetLoadedEditorAssemblies (0ms)
				RefreshPlugins (129ms)
				BeforeProcessingInitializeOnLoad (279ms)
				ProcessInitializeOnLoadAttributes (947ms)
				ProcessInitializeOnLoadMethodAttributes (33ms)
				AfterProcessingInitializeOnLoad (23ms)
				EditorAssembliesLoaded (0ms)
			ExecutionOrderSort2 (0ms)
			AwakeInstancesAfterBackupRestoration (15ms)
Platform modules already initialized, skipping
========================================================================
Worker process is ready to serve import requests
Launched and connected shader compiler UnityShaderCompiler.exe after 0.12 seconds
Refreshing native plugins compatible for Editor in 0.57 ms, found 3 plugins.
Preloading 0 native plugins for Editor in 0.00 ms.
Unloading 2092 Unused Serialized files (Serialized files now loaded: 0)
System memory in use before: 93.9 MB.
System memory in use after: 94.0 MB.

Unloading 28 unused Assets to reduce memory usage. Loaded Objects now: 2529.
Total: 3.952500 ms (FindLiveObjects: 0.200500 ms CreateObjectMapping: 0.080600 ms MarkObjects: 3.585000 ms  DeleteObjects: 0.084500 ms)

AssetImportParameters requested are different than current active one (requested -> active):
  custom:framework-win-MediaFoundation: 216162199b28c13a410421893ffa2e32 -> 
  custom:video-decoder-ogg-theora: a1e56fd34408186e4bbccfd4996cb3dc -> 
  custom:container-muxer-webm: aa71ff27fc2769a1b78a27578f13a17b -> 
  custom:container-demuxer-webm: 4f35f7cbe854078d1ac9338744f61a02 -> 
  custom:container-demuxer-ogg: 62fdf1f143b41e24485cea50d1cbac27 -> 
  custom:video-encoder-webm-vp8: eb34c28f22e8b96e1ab97ce403110664 -> 
  custom:video-codec-MediaFoundation-h265: 746d11721c4dcdbdad8f713fa42b33f4 -> 
  custom:video-decoder-webm-vp8: 9c59270c3fd7afecdb556c50c9e8de78 -> 
  custom:audio-decoder-ogg-vorbis: bf7c407c2cedff20999df2af8eb42d56 -> 
  custom:audio-encoder-webm-vorbis: bf7c407c2cedff20999df2af8eb42d56 -> 
========================================================================
Received Import Request.
  path: Assets/Scripts
  artifactKey: Guid(7ad09778b2d20ee4f9555aa8334b225f) Importer(815301076,1909f56bfc062723c751e8b465ee728b)
Start importing Assets/Scripts using Guid(7ad09778b2d20ee4f9555aa8334b225f) Importer(815301076,1909f56bfc062723c751e8b465ee728b)  -> (artifact id: '0f80eac548a32e38db50bce2126ded19') in 0.024558 seconds 
  Import took 0.030393 seconds .

========================================================================
Received Import Request.
  Time since last request: 12.240872 seconds.
  path: Assets
  artifactKey: Guid(00000000000000001000000000000000) Importer(815301076,1909f56bfc062723c751e8b465ee728b)
Start importing Assets using Guid(00000000000000001000000000000000) Importer(815301076,1909f56bfc062723c751e8b465ee728b)  -> (artifact id: '42d402b061de3733987d63b9cc3b64de') in 0.022181 seconds 
  Import took 0.029177 seconds .

========================================================================
Received Import Request.
  Time since last request: 5.445565 seconds.
  path: Assets/Sounds
  artifactKey: Guid(9b73421088407cb4d998afebff9311a0) Importer(815301076,1909f56bfc062723c751e8b465ee728b)
Start importing Assets/Sounds using Guid(9b73421088407cb4d998afebff9311a0) Importer(815301076,1909f56bfc062723c751e8b465ee728b)  -> (artifact id: 'c0361f21c55af10a627aafb7b23345a0') in 0.020527 seconds 
  Import took 0.029829 seconds .

========================================================================
Received Import Request.
  Time since last request: 5.689554 seconds.
  path: Assets/Sprites
  artifactKey: Guid(0a81e6dabcdca5c4ba718c10d3137e2e) Importer(815301076,1909f56bfc062723c751e8b465ee728b)
Start importing Assets/Sprites using Guid(0a81e6dabcdca5c4ba718c10d3137e2e) Importer(815301076,1909f56bfc062723c751e8b465ee728b)  -> (artifact id: '800320fe853ce7a79ec11aa6a7e6ab00') in 0.019055 seconds 
  Import took 0.028918 seconds .

========================================================================
Received Import Request.
  Time since last request: 0.000541 seconds.
  path: Assets/Sprites
  artifactKey: Guid(0a81e6dabcdca5c4ba718c10d3137e2e) Importer(815301076,1909f56bfc062723c751e8b465ee728b)
Start importing Assets/Sprites using Guid(0a81e6dabcdca5c4ba718c10d3137e2e) Importer(815301076,1909f56bfc062723c751e8b465ee728b)  -> (artifact id: '800320fe853ce7a79ec11aa6a7e6ab00') in 0.009769 seconds 
  Import took 0.019553 seconds .

========================================================================
Received Prepare
Registering precompiled user dll's ...
Registered in 0.021290 seconds.
Begin MonoManager ReloadAssembly
Native extension for WindowsStandalone target not found
Refreshing native plugins compatible for Editor in 1.02 ms, found 3 plugins.
Preloading 0 native plugins for Editor in 0.00 ms.
Mono: successfully reloaded assembly
- Completed reload, in  3.519 seconds
Domain Reload Profiling:
	ReloadAssembly (3521ms)
		BeginReloadAssembly (324ms)
			ExecutionOrderSort (0ms)
			DisableScriptedObjects (18ms)
			BackupInstance (0ms)
			ReleaseScriptingObjects (0ms)
			CreateAndSetChildDomain (92ms)
		EndReloadAssembly (2960ms)
			LoadAssemblies (294ms)
			RebuildTransferFunctionScriptingTraits (0ms)
			SetupTypeCache (944ms)
			ReleaseScriptCaches (2ms)
			RebuildScriptCaches (142ms)
			SetupLoadedEditorAssemblies (1258ms)
				LogAssemblyErrors (0ms)
				InitializePlatformSupportModulesInManaged (18ms)
				SetLoadedEditorAssemblies (1ms)
				RefreshPlugins (1ms)
				BeforeProcessingInitializeOnLoad (313ms)
				ProcessInitializeOnLoadAttributes (878ms)
				ProcessInitializeOnLoadMethodAttributes (21ms)
				AfterProcessingInitializeOnLoad (25ms)
				EditorAssembliesLoaded (0ms)
			ExecutionOrderSort2 (0ms)
			AwakeInstancesAfterBackupRestoration (27ms)
Platform modules already initialized, skipping
Refreshing native plugins compatible for Editor in 0.53 ms, found 3 plugins.
Preloading 0 native plugins for Editor in 0.00 ms.
Unloading 2082 Unused Serialized files (Serialized files now loaded: 0)
System memory in use before: 93.3 MB.
System memory in use after: 93.5 MB.

Unloading 16 unused Assets to reduce memory usage. Loaded Objects now: 2532.
Total: 7.461800 ms (FindLiveObjects: 0.213400 ms CreateObjectMapping: 0.122100 ms MarkObjects: 7.067300 ms  DeleteObjects: 0.056000 ms)

AssetImportParameters requested are different than current active one (requested -> active):
  custom:framework-win-MediaFoundation: 216162199b28c13a410421893ffa2e32 -> 
  custom:video-decoder-ogg-theora: a1e56fd34408186e4bbccfd4996cb3dc -> 
  custom:container-muxer-webm: aa71ff27fc2769a1b78a27578f13a17b -> 
  custom:container-demuxer-webm: 4f35f7cbe854078d1ac9338744f61a02 -> 
  custom:container-demuxer-ogg: 62fdf1f143b41e24485cea50d1cbac27 -> 
  custom:video-encoder-webm-vp8: eb34c28f22e8b96e1ab97ce403110664 -> 
  custom:video-codec-MediaFoundation-h265: 746d11721c4dcdbdad8f713fa42b33f4 -> 
  custom:video-decoder-webm-vp8: 9c59270c3fd7afecdb556c50c9e8de78 -> 
  custom:audio-decoder-ogg-vorbis: bf7c407c2cedff20999df2af8eb42d56 -> 
  custom:audio-encoder-webm-vorbis: bf7c407c2cedff20999df2af8eb42d56 -> 
========================================================================
Received Import Request.
  Time since last request: 51.182112 seconds.
  path: Assets/Scripts/CatController.cs
  artifactKey: Guid(1c2f940318d824741854997c1187e10e) Importer(815301076,1909f56bfc062723c751e8b465ee728b)
Start importing Assets/Scripts/CatController.cs using Guid(1c2f940318d824741854997c1187e10e) Importer(815301076,1909f56bfc062723c751e8b465ee728b)  -> (artifact id: 'ea98b4c9912835948d7fe517efb7a1e1') in 0.113627 seconds 
  Import took 0.121797 seconds .

========================================================================
Received Prepare
Registering precompiled user dll's ...
Registered in 0.025678 seconds.
Begin MonoManager ReloadAssembly
Native extension for WindowsStandalone target not found
Refreshing native plugins compatible for Editor in 0.89 ms, found 3 plugins.
Preloading 0 native plugins for Editor in 0.00 ms.
Mono: successfully reloaded assembly
- Completed reload, in  3.693 seconds
Domain Reload Profiling:
	ReloadAssembly (3694ms)
		BeginReloadAssembly (328ms)
			ExecutionOrderSort (0ms)
			DisableScriptedObjects (17ms)
			BackupInstance (0ms)
			ReleaseScriptingObjects (0ms)
			CreateAndSetChildDomain (85ms)
		EndReloadAssembly (3135ms)
			LoadAssemblies (306ms)
			RebuildTransferFunctionScriptingTraits (0ms)
			SetupTypeCache (952ms)
			ReleaseScriptCaches (2ms)
			RebuildScriptCaches (141ms)
			SetupLoadedEditorAssemblies (1400ms)
				LogAssemblyErrors (0ms)
				InitializePlatformSupportModulesInManaged (21ms)
				SetLoadedEditorAssemblies (1ms)
				RefreshPlugins (1ms)
				BeforeProcessingInitializeOnLoad (393ms)
				ProcessInitializeOnLoadAttributes (935ms)
				ProcessInitializeOnLoadMethodAttributes (23ms)
				AfterProcessingInitializeOnLoad (26ms)
				EditorAssembliesLoaded (1ms)
			ExecutionOrderSort2 (0ms)
			AwakeInstancesAfterBackupRestoration (46ms)
Platform modules already initialized, skipping
Refreshing native plugins compatible for Editor in 0.91 ms, found 3 plugins.
Preloading 0 native plugins for Editor in 0.00 ms.
Unloading 2083 Unused Serialized files (Serialized files now loaded: 0)
System memory in use before: 93.4 MB.
System memory in use after: 93.5 MB.

Unloading 16 unused Assets to reduce memory usage. Loaded Objects now: 2536.
Total: 5.595400 ms (FindLiveObjects: 0.258800 ms CreateObjectMapping: 0.107200 ms MarkObjects: 5.159500 ms  DeleteObjects: 0.067500 ms)

AssetImportParameters requested are different than current active one (requested -> active):
  custom:framework-win-MediaFoundation: 216162199b28c13a410421893ffa2e32 -> 
  custom:video-decoder-ogg-theora: a1e56fd34408186e4bbccfd4996cb3dc -> 
  custom:container-muxer-webm: aa71ff27fc2769a1b78a27578f13a17b -> 
  custom:container-demuxer-webm: 4f35f7cbe854078d1ac9338744f61a02 -> 
  custom:container-demuxer-ogg: 62fdf1f143b41e24485cea50d1cbac27 -> 
  custom:video-encoder-webm-vp8: eb34c28f22e8b96e1ab97ce403110664 -> 
  custom:video-codec-MediaFoundation-h265: 746d11721c4dcdbdad8f713fa42b33f4 -> 
  custom:video-decoder-webm-vp8: 9c59270c3fd7afecdb556c50c9e8de78 -> 
  custom:audio-decoder-ogg-vorbis: bf7c407c2cedff20999df2af8eb42d56 -> 
  custom:audio-encoder-webm-vorbis: bf7c407c2cedff20999df2af8eb42d56 -> 
========================================================================
Received Prepare
Registering precompiled user dll's ...
Registered in 0.011188 seconds.
Begin MonoManager ReloadAssembly
Native extension for WindowsStandalone target not found
Refreshing native plugins compatible for Editor in 0.86 ms, found 3 plugins.
Preloading 0 native plugins for Editor in 0.00 ms.
Mono: successfully reloaded assembly
- Completed reload, in  2.714 seconds
Domain Reload Profiling:
	ReloadAssembly (2715ms)
		BeginReloadAssembly (242ms)
			ExecutionOrderSort (0ms)
			DisableScriptedObjects (20ms)
			BackupInstance (0ms)
			ReleaseScriptingObjects (0ms)
			CreateAndSetChildDomain (49ms)
		EndReloadAssembly (2305ms)
			LoadAssemblies (230ms)
			RebuildTransferFunctionScriptingTraits (0ms)
			SetupTypeCache (725ms)
			ReleaseScriptCaches (2ms)
			RebuildScriptCaches (133ms)
			SetupLoadedEditorAssemblies (925ms)
				LogAssemblyErrors (0ms)
				InitializePlatformSupportModulesInManaged (13ms)
				SetLoadedEditorAssemblies (1ms)
				RefreshPlugins (1ms)
				BeforeProcessingInitializeOnLoad (241ms)
				ProcessInitializeOnLoadAttributes (632ms)
				ProcessInitializeOnLoadMethodAttributes (19ms)
				AfterProcessingInitializeOnLoad (18ms)
				EditorAssembliesLoaded (0ms)
			ExecutionOrderSort2 (0ms)
			AwakeInstancesAfterBackupRestoration (28ms)
Platform modules already initialized, skipping
Refreshing native plugins compatible for Editor in 0.50 ms, found 3 plugins.
Preloading 0 native plugins for Editor in 0.00 ms.
Unloading 2083 Unused Serialized files (Serialized files now loaded: 0)
System memory in use before: 93.4 MB.
System memory in use after: 93.5 MB.

Unloading 16 unused Assets to reduce memory usage. Loaded Objects now: 2539.
Total: 6.814200 ms (FindLiveObjects: 0.396200 ms CreateObjectMapping: 0.195100 ms MarkObjects: 6.143300 ms  DeleteObjects: 0.076700 ms)

AssetImportParameters requested are different than current active one (requested -> active):
  custom:framework-win-MediaFoundation: 216162199b28c13a410421893ffa2e32 -> 
  custom:video-decoder-ogg-theora: a1e56fd34408186e4bbccfd4996cb3dc -> 
  custom:container-muxer-webm: aa71ff27fc2769a1b78a27578f13a17b -> 
  custom:container-demuxer-webm: 4f35f7cbe854078d1ac9338744f61a02 -> 
  custom:container-demuxer-ogg: 62fdf1f143b41e24485cea50d1cbac27 -> 
  custom:video-encoder-webm-vp8: eb34c28f22e8b96e1ab97ce403110664 -> 
  custom:video-codec-MediaFoundation-h265: 746d11721c4dcdbdad8f713fa42b33f4 -> 
  custom:video-decoder-webm-vp8: 9c59270c3fd7afecdb556c50c9e8de78 -> 
  custom:audio-decoder-ogg-vorbis: bf7c407c2cedff20999df2af8eb42d56 -> 
  custom:audio-encoder-webm-vorbis: bf7c407c2cedff20999df2af8eb42d56 -> 
========================================================================
Received Import Request.
  Time since last request: 128.389618 seconds.
  path: Assets/Scripts/CatController.cs
  artifactKey: Guid(1c2f940318d824741854997c1187e10e) Importer(815301076,1909f56bfc062723c751e8b465ee728b)
Start importing Assets/Scripts/CatController.cs using Guid(1c2f940318d824741854997c1187e10e) Importer(815301076,1909f56bfc062723c751e8b465ee728b)  -> (artifact id: 'b332902cf9a9c971bb70d5f3b11ab2b4') in 0.017699 seconds 
  Import took 0.024707 seconds .

========================================================================
Received Import Request.
  Time since last request: 70.084105 seconds.
  path: Assets/Sprites/Dead (1).png
  artifactKey: Guid(39e082196a03d9b4797812100bb441ee) Importer(815301076,1909f56bfc062723c751e8b465ee728b)
Start importing Assets/Sprites/Dead (1).png using Guid(39e082196a03d9b4797812100bb441ee) Importer(815301076,1909f56bfc062723c751e8b465ee728b)  -> (artifact id: '006bd5e3f5e7ae1e1bcd13d7effcce88') in 0.336205 seconds 
  Import took 0.347311 seconds .

========================================================================
Received Import Request.
  Time since last request: 0.000455 seconds.
  path: Assets/Sprites/Fall (1).png
  artifactKey: Guid(0f209ec7e52c1e142b6ac866284e283f) Importer(815301076,1909f56bfc062723c751e8b465ee728b)
Start importing Assets/Sprites/Fall (1).png using Guid(0f209ec7e52c1e142b6ac866284e283f) Importer(815301076,1909f56bfc062723c751e8b465ee728b)  -> (artifact id: '8373921312046516a1227ab30d633869') in 0.047839 seconds 
  Import took 0.059692 seconds .

========================================================================
Received Import Request.
  Time since last request: 0.000320 seconds.
  path: Assets/Sprites/Dead (2).png
  artifactKey: Guid(89bb918f1f8610a4f917cf5489b6794a) Importer(815301076,1909f56bfc062723c751e8b465ee728b)
Start importing Assets/Sprites/Dead (2).png using Guid(89bb918f1f8610a4f917cf5489b6794a) Importer(815301076,1909f56bfc062723c751e8b465ee728b)  -> (artifact id: 'f32aae295b541e1bb53d0b90c843bf3b') in 0.037057 seconds 
  Import took 0.045560 seconds .

========================================================================
Received Import Request.
  Time since last request: 0.000405 seconds.
  path: Assets/Sprites/Dead (9).png
  artifactKey: Guid(7a7294adff528a748ba981fdb64fbbf0) Importer(815301076,1909f56bfc062723c751e8b465ee728b)
Start importing Assets/Sprites/Dead (9).png using Guid(7a7294adff528a748ba981fdb64fbbf0) Importer(815301076,1909f56bfc062723c751e8b465ee728b)  -> (artifact id: '77091829fd2be26eaa89028a8309dd6c') in 0.039471 seconds 
  Import took 0.048213 seconds .

========================================================================
Received Import Request.
  Time since last request: 0.000331 seconds.
  path: Assets/Sprites/Dead (7).png
  artifactKey: Guid(1518a1ca34d4fb6449a8103587e36e8a) Importer(815301076,1909f56bfc062723c751e8b465ee728b)
Start importing Assets/Sprites/Dead (7).png using Guid(1518a1ca34d4fb6449a8103587e36e8a) Importer(815301076,1909f56bfc062723c751e8b465ee728b)  -> (artifact id: '2ebab81d1919e539fd62c62c5f1a5fa9') in 0.056819 seconds 
  Import took 0.065579 seconds .

========================================================================
Received Import Request.
  Time since last request: 0.000438 seconds.
  path: Assets/Sprites/Dead (9).png
  artifactKey: Guid(7a7294adff528a748ba981fdb64fbbf0) Importer(815301076,1909f56bfc062723c751e8b465ee728b)
Start importing Assets/Sprites/Dead (9).png using Guid(7a7294adff528a748ba981fdb64fbbf0) Importer(815301076,1909f56bfc062723c751e8b465ee728b)  -> (artifact id: '77091829fd2be26eaa89028a8309dd6c') in 0.036997 seconds 
  Import took 0.048526 seconds .

========================================================================
Received Import Request.
  Time since last request: 0.000395 seconds.
  path: Assets/Sprites/Dead (6).png
  artifactKey: Guid(e9b04260c3b0be641b45363760770308) Importer(815301076,1909f56bfc062723c751e8b465ee728b)
Start importing Assets/Sprites/Dead (6).png using Guid(e9b04260c3b0be641b45363760770308) Importer(815301076,1909f56bfc062723c751e8b465ee728b)  -> (artifact id: 'b54b68ddabdfbb239cd80dd53e9d1e58') in 0.052847 seconds 
  Import took 0.066214 seconds .

========================================================================
Received Import Request.
  Time since last request: 0.000359 seconds.
  path: Assets/Sprites/Fall (7).png
  artifactKey: Guid(58e59ff36d7056e41baeaf4e16afb2b3) Importer(815301076,1909f56bfc062723c751e8b465ee728b)
Start importing Assets/Sprites/Fall (7).png using Guid(58e59ff36d7056e41baeaf4e16afb2b3) Importer(815301076,1909f56bfc062723c751e8b465ee728b)  -> (artifact id: '94ca2b9015bbfeae68a3b82404ed4469') in 0.052065 seconds 
  Import took 0.061149 seconds .

========================================================================
Received Import Request.
  Time since last request: 0.000516 seconds.
  path: Assets/Sprites/Dead (10).png
  artifactKey: Guid(0007b5383ea62654a8d5044392a9c767) Importer(815301076,1909f56bfc062723c751e8b465ee728b)
Start importing Assets/Sprites/Dead (10).png using Guid(0007b5383ea62654a8d5044392a9c767) Importer(815301076,1909f56bfc062723c751e8b465ee728b)  -> (artifact id: '59cdeff8b4734bd1e3b4f8ccbd6db99e') in 0.039618 seconds 
  Import took 0.047894 seconds .

========================================================================
Received Import Request.
  Time since last request: 0.000475 seconds.
  path: Assets/Sprites/Dead (4).png
  artifactKey: Guid(e6d292ef74e194549be54405a1b86a9f) Importer(815301076,1909f56bfc062723c751e8b465ee728b)
Start importing Assets/Sprites/Dead (4).png using Guid(e6d292ef74e194549be54405a1b86a9f) Importer(815301076,1909f56bfc062723c751e8b465ee728b)  -> (artifact id: '22a71ec1b34fca86eec35eca1ef34b94') in 0.045965 seconds 
  Import took 0.053011 seconds .

========================================================================
Received Import Request.
  Time since last request: 0.000378 seconds.
  path: Assets/Sprites/Dead (5).png
  artifactKey: Guid(390f1aebb85190d4eba3c572cb3ae2ce) Importer(815301076,1909f56bfc062723c751e8b465ee728b)
Start importing Assets/Sprites/Dead (5).png using Guid(390f1aebb85190d4eba3c572cb3ae2ce) Importer(815301076,1909f56bfc062723c751e8b465ee728b)  -> (artifact id: '9de62a0d4fe5a638323a21f3ba36fa07') in 0.038724 seconds 
  Import took 0.048435 seconds .

========================================================================
Received Import Request.
  Time since last request: 0.000549 seconds.
  path: Assets/Sprites/Dead (3).png
  artifactKey: Guid(5760913678565bb469050c87aff0bf80) Importer(815301076,1909f56bfc062723c751e8b465ee728b)
Start importing Assets/Sprites/Dead (3).png using Guid(5760913678565bb469050c87aff0bf80) Importer(815301076,1909f56bfc062723c751e8b465ee728b)  -> (artifact id: '4120289d02cb3e7baa462448de299b0e') in 0.043975 seconds 
  Import took 0.053216 seconds .

========================================================================
Received Import Request.
  Time since last request: 0.000372 seconds.
  path: Assets/Sprites/Fall (6).png
  artifactKey: Guid(0ddc0cc82e026064e9c4cf741d713a61) Importer(815301076,1909f56bfc062723c751e8b465ee728b)
Start importing Assets/Sprites/Fall (6).png using Guid(0ddc0cc82e026064e9c4cf741d713a61) Importer(815301076,1909f56bfc062723c751e8b465ee728b)  -> (artifact id: '2d60345a63799c89b2b971abb6bbc31b') in 0.044198 seconds 
  Import took 0.051824 seconds .

========================================================================
Received Import Request.
  Time since last request: 0.000336 seconds.
  path: Assets/Sprites/Dead (3).png
  artifactKey: Guid(5760913678565bb469050c87aff0bf80) Importer(815301076,1909f56bfc062723c751e8b465ee728b)
Start importing Assets/Sprites/Dead (3).png using Guid(5760913678565bb469050c87aff0bf80) Importer(815301076,1909f56bfc062723c751e8b465ee728b)  -> (artifact id: '4120289d02cb3e7baa462448de299b0e') in 0.036660 seconds 
  Import took 0.042229 seconds .

========================================================================
Received Import Request.
  Time since last request: 0.000375 seconds.
  path: Assets/Sprites/Fall (3).png
  artifactKey: Guid(a38861ef18d41a34cbf2c6f6c85bcf4c) Importer(815301076,1909f56bfc062723c751e8b465ee728b)
Start importing Assets/Sprites/Fall (3).png using Guid(a38861ef18d41a34cbf2c6f6c85bcf4c) Importer(815301076,1909f56bfc062723c751e8b465ee728b)  -> (artifact id: 'e96d535ab81de05f1a2a46459b0655da') in 0.044262 seconds 
  Import took 0.053406 seconds .

========================================================================
Received Import Request.
  Time since last request: 0.000510 seconds.
  path: Assets/Sprites/Fall (2).png
  artifactKey: Guid(5bbf32672ce0e184288f79792a7a459d) Importer(815301076,1909f56bfc062723c751e8b465ee728b)
Start importing Assets/Sprites/Fall (2).png using Guid(5bbf32672ce0e184288f79792a7a459d) Importer(815301076,1909f56bfc062723c751e8b465ee728b)  -> (artifact id: '08faa81a7ee9f60eb105b8faa2e69098') in 0.043285 seconds 
  Import took 0.053148 seconds .

========================================================================
Received Import Request.
  Time since last request: 0.000533 seconds.
  path: Assets/Sprites/Dead (8).png
  artifactKey: Guid(c19a69619fb522445afed4b81cbf8bc1) Importer(815301076,1909f56bfc062723c751e8b465ee728b)
Start importing Assets/Sprites/Dead (8).png using Guid(c19a69619fb522445afed4b81cbf8bc1) Importer(815301076,1909f56bfc062723c751e8b465ee728b)  -> (artifact id: 'c2c4b708efb0e54bd3f1824f096e1567') in 0.040530 seconds 
  Import took 0.050513 seconds .

========================================================================
Received Import Request.
  Time since last request: 0.000374 seconds.
  path: Assets/Sprites/Fall (4).png
  artifactKey: Guid(4092c51ed0a16ba48b60a99a24025bc9) Importer(815301076,1909f56bfc062723c751e8b465ee728b)
Start importing Assets/Sprites/Fall (4).png using Guid(4092c51ed0a16ba48b60a99a24025bc9) Importer(815301076,1909f56bfc062723c751e8b465ee728b)  -> (artifact id: '58e77ad33c6ba2c997cb601e34469603') in 0.047567 seconds 
  Import took 0.058213 seconds .

========================================================================
Received Import Request.
  Time since last request: 0.000562 seconds.
  path: Assets/Sprites/Fall (5).png
  artifactKey: Guid(159685cd37a2ad742ac47ca3152724ef) Importer(815301076,1909f56bfc062723c751e8b465ee728b)
Start importing Assets/Sprites/Fall (5).png using Guid(159685cd37a2ad742ac47ca3152724ef) Importer(815301076,1909f56bfc062723c751e8b465ee728b)  -> (artifact id: '3458ae2fbcd3cb14e79462b089fdc913') in 0.043624 seconds 
  Import took 0.054052 seconds .

========================================================================
Received Import Request.
  Time since last request: 0.010541 seconds.
  path: Assets/Sprites/Fall (5).png
  artifactKey: Guid(159685cd37a2ad742ac47ca3152724ef) Importer(815301076,1909f56bfc062723c751e8b465ee728b)
Start importing Assets/Sprites/Fall (5).png using Guid(159685cd37a2ad742ac47ca3152724ef) Importer(815301076,1909f56bfc062723c751e8b465ee728b)  -> (artifact id: '3458ae2fbcd3cb14e79462b089fdc913') in 0.048345 seconds 
  Import took 0.061683 seconds .

========================================================================
Received Import Request.
  Time since last request: 24.939565 seconds.
  path: Assets/Sprites/Fall (8).png
  artifactKey: Guid(f6b020f4960567c4abb82f7085faeef3) Importer(815301076,1909f56bfc062723c751e8b465ee728b)
Start importing Assets/Sprites/Fall (8).png using Guid(f6b020f4960567c4abb82f7085faeef3) Importer(815301076,1909f56bfc062723c751e8b465ee728b)  -> (artifact id: '58724d6862382caafe148ca6a0f4b045') in 0.027970 seconds 
  Import took 0.034438 seconds .

========================================================================
Received Import Request.
  Time since last request: 0.000297 seconds.
  path: Assets/Sprites/Hurt (2).png
  artifactKey: Guid(3fe5d2a3a584db74e99c70bff79d5ab7) Importer(815301076,1909f56bfc062723c751e8b465ee728b)
Start importing Assets/Sprites/Hurt (2).png using Guid(3fe5d2a3a584db74e99c70bff79d5ab7) Importer(815301076,1909f56bfc062723c751e8b465ee728b)  -> (artifact id: '0533a26da5c329bd785a83cd378dd74a') in 0.026927 seconds 
  Import took 0.031319 seconds .

========================================================================
Received Import Request.
  Time since last request: 0.000239 seconds.
  path: Assets/Sprites/Hurt (3).png
  artifactKey: Guid(475543c2c4164b945b10ced214ce15e0) Importer(815301076,1909f56bfc062723c751e8b465ee728b)
Start importing Assets/Sprites/Hurt (3).png using Guid(475543c2c4164b945b10ced214ce15e0) Importer(815301076,1909f56bfc062723c751e8b465ee728b)  -> (artifact id: 'f7554e69f4a73c915893b90ebab0be3d') in 0.026588 seconds 
  Import took 0.031598 seconds .

========================================================================
Received Import Request.
  Time since last request: 0.000374 seconds.
  path: Assets/Sprites/Hurt (1).png
  artifactKey: Guid(b4be8cb139281f44a846910aea3c544a) Importer(815301076,1909f56bfc062723c751e8b465ee728b)
Start importing Assets/Sprites/Hurt (1).png using Guid(b4be8cb139281f44a846910aea3c544a) Importer(815301076,1909f56bfc062723c751e8b465ee728b)  -> (artifact id: '32bdecd9c0be4e4c0387bd88be6692b0') in 0.030301 seconds 
  Import took 0.036917 seconds .

========================================================================
Received Import Request.
  Time since last request: 0.009323 seconds.
  path: Assets/Sprites/Hurt (1).png
  artifactKey: Guid(b4be8cb139281f44a846910aea3c544a) Importer(815301076,1909f56bfc062723c751e8b465ee728b)
Start importing Assets/Sprites/Hurt (1).png using Guid(b4be8cb139281f44a846910aea3c544a) Importer(815301076,1909f56bfc062723c751e8b465ee728b)  -> (artifact id: '32bdecd9c0be4e4c0387bd88be6692b0') in 0.029070 seconds 
  Import took 0.035968 seconds .

========================================================================
Received Import Request.
  Time since last request: 0.601506 seconds.
  path: Assets/Sprites/Hurt (4).png
  artifactKey: Guid(a9bf7525ee38a214e8f8d708c45da958) Importer(815301076,1909f56bfc062723c751e8b465ee728b)
Start importing Assets/Sprites/Hurt (4).png using Guid(a9bf7525ee38a214e8f8d708c45da958) Importer(815301076,1909f56bfc062723c751e8b465ee728b)  -> (artifact id: 'f922a7d1c16cd1e30f9f237577659701') in 0.030863 seconds 
  Import took 0.038821 seconds .

========================================================================
Received Import Request.
  Time since last request: 0.000470 seconds.
  path: Assets/Sprites/Hurt (5).png
  artifactKey: Guid(c7b55a87e61fa664ca638a722b70b54e) Importer(815301076,1909f56bfc062723c751e8b465ee728b)
Start importing Assets/Sprites/Hurt (5).png using Guid(c7b55a87e61fa664ca638a722b70b54e) Importer(815301076,1909f56bfc062723c751e8b465ee728b)  -> (artifact id: 'bb6f70abb590a031bb15e2f7d7de5e02') in 0.030146 seconds 
  Import took 0.037527 seconds .

========================================================================
Received Import Request.
  Time since last request: 0.000371 seconds.
  path: Assets/Sprites/Hurt (7).png
  artifactKey: Guid(3f1318e6b9402d84895c8e3da6482be3) Importer(815301076,1909f56bfc062723c751e8b465ee728b)
Start importing Assets/Sprites/Hurt (7).png using Guid(3f1318e6b9402d84895c8e3da6482be3) Importer(815301076,1909f56bfc062723c751e8b465ee728b)  -> (artifact id: 'afd5c8c2556cddeff2a2448f8e50bd59') in 0.033130 seconds 
  Import took 0.039736 seconds .

========================================================================
Received Import Request.
  Time since last request: 0.000349 seconds.
  path: Assets/Sprites/Hurt (6).png
  artifactKey: Guid(aadc288d5de43df4f8c2fcecc54bb03c) Importer(815301076,1909f56bfc062723c751e8b465ee728b)
Start importing Assets/Sprites/Hurt (6).png using Guid(aadc288d5de43df4f8c2fcecc54bb03c) Importer(815301076,1909f56bfc062723c751e8b465ee728b)  -> (artifact id: '992fb1aaca5759e89306f4c448a2641c') in 0.039550 seconds 
  Import took 0.048111 seconds .

========================================================================
Received Import Request.
  Time since last request: 0.255531 seconds.
  path: Assets/Sprites/Hurt (8).png
  artifactKey: Guid(c83959874cc5415459dd2fe6a832176a) Importer(815301076,1909f56bfc062723c751e8b465ee728b)
Start importing Assets/Sprites/Hurt (8).png using Guid(c83959874cc5415459dd2fe6a832176a) Importer(815301076,1909f56bfc062723c751e8b465ee728b)  -> (artifact id: 'd4a63252e77db57f51f5be2bd8ed8ac5') in 0.035152 seconds 
  Import took 0.042673 seconds .

========================================================================
Received Import Request.
  Time since last request: 0.002619 seconds.
  path: Assets/Sprites/Hurt (9).png
  artifactKey: Guid(c67edb4195f051248bc90243ddb31c68) Importer(815301076,1909f56bfc062723c751e8b465ee728b)
Start importing Assets/Sprites/Hurt (9).png using Guid(c67edb4195f051248bc90243ddb31c68) Importer(815301076,1909f56bfc062723c751e8b465ee728b)  -> (artifact id: 'e25d6280d60cd9d6d30bdde322f920af') in 0.040525 seconds 
  Import took 0.049195 seconds .

========================================================================
Received Import Request.
  Time since last request: 0.000379 seconds.
  path: Assets/Sprites/Hurt (10).png
  artifactKey: Guid(7f153c98b6f0423448b5bc514f85b648) Importer(815301076,1909f56bfc062723c751e8b465ee728b)
Start importing Assets/Sprites/Hurt (10).png using Guid(7f153c98b6f0423448b5bc514f85b648) Importer(815301076,1909f56bfc062723c751e8b465ee728b)  -> (artifact id: 'e2192d78903f015b39017a9822b7221f') in 0.039298 seconds 
  Import took 0.047030 seconds .

========================================================================
Received Import Request.
  Time since last request: 0.000338 seconds.
  path: Assets/Sprites/Idle (1).png
  artifactKey: Guid(5ac40d26aafde4844882d766ab0dc061) Importer(815301076,1909f56bfc062723c751e8b465ee728b)
Start importing Assets/Sprites/Idle (1).png using Guid(5ac40d26aafde4844882d766ab0dc061) Importer(815301076,1909f56bfc062723c751e8b465ee728b)  -> (artifact id: '4ae1c882e4adf04e9f836e15908f985f') in 0.042539 seconds 
  Import took 0.060172 seconds .

========================================================================
Received Import Request.
  Time since last request: 0.808843 seconds.
  path: Assets/Sprites/Idle (2).png
  artifactKey: Guid(18f0f6c579cf7644aae9b588d48a0058) Importer(815301076,1909f56bfc062723c751e8b465ee728b)
Start importing Assets/Sprites/Idle (2).png using Guid(18f0f6c579cf7644aae9b588d48a0058) Importer(815301076,1909f56bfc062723c751e8b465ee728b)  -> (artifact id: '5e67fc224df3d6590329372c7e2df410') in 0.036640 seconds 
  Import took 0.042657 seconds .

========================================================================
Received Import Request.
  Time since last request: 0.000393 seconds.
  path: Assets/Sprites/Idle (4).png
  artifactKey: Guid(27ad7686ebeab844aa8d1875d3c4592e) Importer(815301076,1909f56bfc062723c751e8b465ee728b)
Start importing Assets/Sprites/Idle (4).png using Guid(27ad7686ebeab844aa8d1875d3c4592e) Importer(815301076,1909f56bfc062723c751e8b465ee728b)  -> (artifact id: '5817c6b5130bed78ebf86f9f0a8e283f') in 0.036690 seconds 
  Import took 0.044511 seconds .

========================================================================
Received Import Request.
  Time since last request: 0.000345 seconds.
  path: Assets/Sprites/Idle (5).png
  artifactKey: Guid(68af8010af0bdbc4583613810495d004) Importer(815301076,1909f56bfc062723c751e8b465ee728b)
Start importing Assets/Sprites/Idle (5).png using Guid(68af8010af0bdbc4583613810495d004) Importer(815301076,1909f56bfc062723c751e8b465ee728b)  -> (artifact id: '1adce8253bcc599d6c48024c854bc557') in 0.039337 seconds 
  Import took 0.050107 seconds .

========================================================================
Received Import Request.
  Time since last request: 0.002357 seconds.
  path: Assets/Sprites/Idle (3).png
  artifactKey: Guid(7b6d093568400d04b8204af00b735253) Importer(815301076,1909f56bfc062723c751e8b465ee728b)
Start importing Assets/Sprites/Idle (3).png using Guid(7b6d093568400d04b8204af00b735253) Importer(815301076,1909f56bfc062723c751e8b465ee728b)  -> (artifact id: 'c5a909acd2411b57a18b28895cd2551d') in 0.039099 seconds 
  Import took 0.046753 seconds .

========================================================================
Received Import Request.
  Time since last request: 0.000641 seconds.
  path: Assets/Sprites/Idle (5).png
  artifactKey: Guid(68af8010af0bdbc4583613810495d004) Importer(815301076,1909f56bfc062723c751e8b465ee728b)
Start importing Assets/Sprites/Idle (5).png using Guid(68af8010af0bdbc4583613810495d004) Importer(815301076,1909f56bfc062723c751e8b465ee728b)  -> (artifact id: '1adce8253bcc599d6c48024c854bc557') in 0.033039 seconds 
  Import took 0.039248 seconds .

========================================================================
Received Import Request.
  Time since last request: 0.000327 seconds.
  path: Assets/Sprites/Idle (3).png
  artifactKey: Guid(7b6d093568400d04b8204af00b735253) Importer(815301076,1909f56bfc062723c751e8b465ee728b)
Start importing Assets/Sprites/Idle (3).png using Guid(7b6d093568400d04b8204af00b735253) Importer(815301076,1909f56bfc062723c751e8b465ee728b)  -> (artifact id: 'c5a909acd2411b57a18b28895cd2551d') in 0.028311 seconds 
  Import took 0.035727 seconds .

========================================================================
Received Import Request.
  Time since last request: 0.000359 seconds.
  path: Assets/Sprites/Idle (8).png
  artifactKey: Guid(4427030edf8621b41820d70d807ef8a6) Importer(815301076,1909f56bfc062723c751e8b465ee728b)
Start importing Assets/Sprites/Idle (8).png using Guid(4427030edf8621b41820d70d807ef8a6) Importer(815301076,1909f56bfc062723c751e8b465ee728b)  -> (artifact id: 'e50fd5772d0fda71190f603798c0276a') in 0.033243 seconds 
  Import took 0.039354 seconds .

========================================================================
Received Import Request.
  Time since last request: 0.000387 seconds.
  path: Assets/Sprites/Idle (9).png
  artifactKey: Guid(f8aa303858f489548ab2ecfc8c345590) Importer(815301076,1909f56bfc062723c751e8b465ee728b)
Start importing Assets/Sprites/Idle (9).png using Guid(f8aa303858f489548ab2ecfc8c345590) Importer(815301076,1909f56bfc062723c751e8b465ee728b)  -> (artifact id: '19009a7608f48edced9b80a3dc4701d2') in 0.041709 seconds 
  Import took 0.052020 seconds .

========================================================================
Received Import Request.
  Time since last request: 0.000368 seconds.
  path: Assets/Sprites/Idle (6).png
  artifactKey: Guid(9f22176cf7791db47b7e70c2d5537dcb) Importer(815301076,1909f56bfc062723c751e8b465ee728b)
Start importing Assets/Sprites/Idle (6).png using Guid(9f22176cf7791db47b7e70c2d5537dcb) Importer(815301076,1909f56bfc062723c751e8b465ee728b)  -> (artifact id: '7a4241fdb946512ef36a766564d36a39') in 0.034480 seconds 
  Import took 0.043087 seconds .

========================================================================
Received Import Request.
  Time since last request: 0.000347 seconds.
  path: Assets/Sprites/Idle (7).png
  artifactKey: Guid(61ec5d25229459e4c9e7c7c229c59157) Importer(815301076,1909f56bfc062723c751e8b465ee728b)
Start importing Assets/Sprites/Idle (7).png using Guid(61ec5d25229459e4c9e7c7c229c59157) Importer(815301076,1909f56bfc062723c751e8b465ee728b)  -> (artifact id: '31db2f4fa990827a041c26c53e46abed') in 0.034753 seconds 
  Import took 0.043066 seconds .

========================================================================
Received Import Request.
  Time since last request: 0.345675 seconds.
  path: Assets/Sprites/Idle (10).png
  artifactKey: Guid(fc32a553725093d4da4666841b4c0aae) Importer(815301076,1909f56bfc062723c751e8b465ee728b)
Start importing Assets/Sprites/Idle (10).png using Guid(fc32a553725093d4da4666841b4c0aae) Importer(815301076,1909f56bfc062723c751e8b465ee728b)  -> (artifact id: '47d55a68b5d9fc79a20aae8daa8d5a2b') in 0.033526 seconds 
  Import took 0.039327 seconds .

========================================================================
Received Import Request.
  Time since last request: 0.000442 seconds.
  path: Assets/Sprites/Jump (3).png
  artifactKey: Guid(659c06b96fa6ba74db3b2f4bd681d771) Importer(815301076,1909f56bfc062723c751e8b465ee728b)
Start importing Assets/Sprites/Jump (3).png using Guid(659c06b96fa6ba74db3b2f4bd681d771) Importer(815301076,1909f56bfc062723c751e8b465ee728b)  -> (artifact id: '70b4757617d29c99fdfb4ec55efb24bd') in 0.033326 seconds 
  Import took 0.040326 seconds .

========================================================================
Received Import Request.
  Time since last request: 0.000420 seconds.
  path: Assets/Sprites/Jump (2).png
  artifactKey: Guid(6d88af4660c9bd14baa210ca46fa8953) Importer(815301076,1909f56bfc062723c751e8b465ee728b)
Start importing Assets/Sprites/Jump (2).png using Guid(6d88af4660c9bd14baa210ca46fa8953) Importer(815301076,1909f56bfc062723c751e8b465ee728b)  -> (artifact id: '4bb56e9f32a97a64f929c7bde2f50919') in 0.033897 seconds 
  Import took 0.040741 seconds .

========================================================================
Received Import Request.
  Time since last request: 0.000409 seconds.
  path: Assets/Sprites/Jump (1).png
  artifactKey: Guid(2f77643305833c241851d766cf525f26) Importer(815301076,1909f56bfc062723c751e8b465ee728b)
Start importing Assets/Sprites/Jump (1).png using Guid(2f77643305833c241851d766cf525f26) Importer(815301076,1909f56bfc062723c751e8b465ee728b)  -> (artifact id: 'cda14d91c3f6ab1cbde6372bbe22a3c8') in 0.039774 seconds 
  Import took 0.047440 seconds .

========================================================================
Received Import Request.
  Time since last request: 2.412769 seconds.
  path: Assets/Sprites/Jump (4).png
  artifactKey: Guid(bee7e5e18356c9e4f8bea3f2846e321b) Importer(815301076,1909f56bfc062723c751e8b465ee728b)
Start importing Assets/Sprites/Jump (4).png using Guid(bee7e5e18356c9e4f8bea3f2846e321b) Importer(815301076,1909f56bfc062723c751e8b465ee728b)  -> (artifact id: '46e147efba09e431a8d5d4aa9e8ba697') in 0.037197 seconds 
  Import took 0.043754 seconds .

========================================================================
Received Import Request.
  Time since last request: 0.000294 seconds.
  path: Assets/Sprites/Jump (6).png
  artifactKey: Guid(d510761e9fbcb2e4290d7344c426661f) Importer(815301076,1909f56bfc062723c751e8b465ee728b)
Start importing Assets/Sprites/Jump (6).png using Guid(d510761e9fbcb2e4290d7344c426661f) Importer(815301076,1909f56bfc062723c751e8b465ee728b)  -> (artifact id: 'e43bff9b941b096a4ff820b65a1fe4b7') in 0.036666 seconds 
  Import took 0.045173 seconds .

========================================================================
Received Import Request.
  Time since last request: 0.000395 seconds.
  path: Assets/Sprites/Jump (5).png
  artifactKey: Guid(a3996d911240dda4e9221dcc3f373d52) Importer(815301076,1909f56bfc062723c751e8b465ee728b)
Start importing Assets/Sprites/Jump (5).png using Guid(a3996d911240dda4e9221dcc3f373d52) Importer(815301076,1909f56bfc062723c751e8b465ee728b)  -> (artifact id: 'd6c1ed4d80e6f3c5e89695492d883daa') in 0.035311 seconds 
  Import took 0.043849 seconds .

========================================================================
Received Import Request.
  Time since last request: 0.000353 seconds.
  path: Assets/Sprites/Jump (7).png
  artifactKey: Guid(278727c2227c7004aa506bc6800fad35) Importer(815301076,1909f56bfc062723c751e8b465ee728b)
Start importing Assets/Sprites/Jump (7).png using Guid(278727c2227c7004aa506bc6800fad35) Importer(815301076,1909f56bfc062723c751e8b465ee728b)  -> (artifact id: 'cde348a30a9377c9cad6b5aadad877d2') in 0.043944 seconds 
  Import took 0.054188 seconds .

========================================================================
Received Import Request.
  Time since last request: 0.002863 seconds.
  path: Assets/Sprites/Jump (7).png
  artifactKey: Guid(278727c2227c7004aa506bc6800fad35) Importer(815301076,1909f56bfc062723c751e8b465ee728b)
Start importing Assets/Sprites/Jump (7).png using Guid(278727c2227c7004aa506bc6800fad35) Importer(815301076,1909f56bfc062723c751e8b465ee728b)  -> (artifact id: 'cde348a30a9377c9cad6b5aadad877d2') in 0.034054 seconds 
  Import took 0.042072 seconds .

========================================================================
Received Prepare
Registering precompiled user dll's ...
Registered in 0.014411 seconds.
Begin MonoManager ReloadAssembly
Native extension for WindowsStandalone target not found
Refreshing native plugins compatible for Editor in 1.11 ms, found 3 plugins.
Preloading 0 native plugins for Editor in 0.00 ms.
Mono: successfully reloaded assembly
- Completed reload, in  2.931 seconds
Domain Reload Profiling:
	ReloadAssembly (2932ms)
		BeginReloadAssembly (298ms)
			ExecutionOrderSort (0ms)
			DisableScriptedObjects (16ms)
			BackupInstance (0ms)
			ReleaseScriptingObjects (0ms)
			CreateAndSetChildDomain (68ms)
		EndReloadAssembly (2445ms)
			LoadAssemblies (275ms)
			RebuildTransferFunctionScriptingTraits (0ms)
			SetupTypeCache (780ms)
			ReleaseScriptCaches (1ms)
			RebuildScriptCaches (136ms)
			SetupLoadedEditorAssemblies (974ms)
				LogAssemblyErrors (0ms)
				InitializePlatformSupportModulesInManaged (15ms)
				SetLoadedEditorAssemblies (1ms)
				RefreshPlugins (1ms)
				BeforeProcessingInitializeOnLoad (271ms)
				ProcessInitializeOnLoadAttributes (650ms)
				ProcessInitializeOnLoadMethodAttributes (16ms)
				AfterProcessingInitializeOnLoad (20ms)
				EditorAssembliesLoaded (0ms)
			ExecutionOrderSort2 (0ms)
			AwakeInstancesAfterBackupRestoration (27ms)
Platform modules already initialized, skipping
Refreshing native plugins compatible for Editor in 1.51 ms, found 3 plugins.
Preloading 0 native plugins for Editor in 0.00 ms.
Unloading 2083 Unused Serialized files (Serialized files now loaded: 0)
System memory in use before: 96.4 MB.
System memory in use after: 96.5 MB.

Unloading 16 unused Assets to reduce memory usage. Loaded Objects now: 2548.
Total: 8.156400 ms (FindLiveObjects: 0.424400 ms CreateObjectMapping: 0.197700 ms MarkObjects: 7.484300 ms  DeleteObjects: 0.047200 ms)

AssetImportParameters requested are different than current active one (requested -> active):
  custom:framework-win-MediaFoundation: 216162199b28c13a410421893ffa2e32 -> 
  custom:video-decoder-ogg-theora: a1e56fd34408186e4bbccfd4996cb3dc -> 
  custom:container-muxer-webm: aa71ff27fc2769a1b78a27578f13a17b -> 
  custom:container-demuxer-webm: 4f35f7cbe854078d1ac9338744f61a02 -> 
  custom:container-demuxer-ogg: 62fdf1f143b41e24485cea50d1cbac27 -> 
  custom:video-encoder-webm-vp8: eb34c28f22e8b96e1ab97ce403110664 -> 
  custom:video-codec-MediaFoundation-h265: 746d11721c4dcdbdad8f713fa42b33f4 -> 
  custom:video-decoder-webm-vp8: 9c59270c3fd7afecdb556c50c9e8de78 -> 
  custom:audio-decoder-ogg-vorbis: bf7c407c2cedff20999df2af8eb42d56 -> 
  custom:audio-encoder-webm-vorbis: bf7c407c2cedff20999df2af8eb42d56 -> 
========================================================================
Received Prepare
Registering precompiled user dll's ...
Registered in 0.012426 seconds.
Begin MonoManager ReloadAssembly
Native extension for WindowsStandalone target not found
Refreshing native plugins compatible for Editor in 0.97 ms, found 3 plugins.
Preloading 0 native plugins for Editor in 0.00 ms.
Mono: successfully reloaded assembly
- Completed reload, in  3.076 seconds
Domain Reload Profiling:
	ReloadAssembly (3077ms)
		BeginReloadAssembly (282ms)
			ExecutionOrderSort (0ms)
			DisableScriptedObjects (18ms)
			BackupInstance (0ms)
			ReleaseScriptingObjects (0ms)
			CreateAndSetChildDomain (71ms)
		EndReloadAssembly (2626ms)
			LoadAssemblies (268ms)
			RebuildTransferFunctionScriptingTraits (0ms)
			SetupTypeCache (796ms)
			ReleaseScriptCaches (2ms)
			RebuildScriptCaches (124ms)
			SetupLoadedEditorAssemblies (1123ms)
				LogAssemblyErrors (0ms)
				InitializePlatformSupportModulesInManaged (16ms)
				SetLoadedEditorAssemblies (1ms)
				RefreshPlugins (1ms)
				BeforeProcessingInitializeOnLoad (298ms)
				ProcessInitializeOnLoadAttributes (766ms)
				ProcessInitializeOnLoadMethodAttributes (18ms)
				AfterProcessingInitializeOnLoad (22ms)
				EditorAssembliesLoaded (1ms)
			ExecutionOrderSort2 (0ms)
			AwakeInstancesAfterBackupRestoration (25ms)
Platform modules already initialized, skipping
Refreshing native plugins compatible for Editor in 1.24 ms, found 3 plugins.
Preloading 0 native plugins for Editor in 0.00 ms.
Unloading 2082 Unused Serialized files (Serialized files now loaded: 0)
System memory in use before: 96.4 MB.
System memory in use after: 96.5 MB.

Unloading 17 unused Assets to reduce memory usage. Loaded Objects now: 2550.
Total: 9.989900 ms (FindLiveObjects: 0.330700 ms CreateObjectMapping: 0.148500 ms MarkObjects: 9.470500 ms  DeleteObjects: 0.037900 ms)

AssetImportParameters requested are different than current active one (requested -> active):
  custom:framework-win-MediaFoundation: 216162199b28c13a410421893ffa2e32 -> 
  custom:video-decoder-ogg-theora: a1e56fd34408186e4bbccfd4996cb3dc -> 
  custom:container-muxer-webm: aa71ff27fc2769a1b78a27578f13a17b -> 
  custom:container-demuxer-webm: 4f35f7cbe854078d1ac9338744f61a02 -> 
  custom:container-demuxer-ogg: 62fdf1f143b41e24485cea50d1cbac27 -> 
  custom:video-encoder-webm-vp8: eb34c28f22e8b96e1ab97ce403110664 -> 
  custom:video-codec-MediaFoundation-h265: 746d11721c4dcdbdad8f713fa42b33f4 -> 
  custom:video-decoder-webm-vp8: 9c59270c3fd7afecdb556c50c9e8de78 -> 
  custom:audio-decoder-ogg-vorbis: bf7c407c2cedff20999df2af8eb42d56 -> 
  custom:audio-encoder-webm-vorbis: bf7c407c2cedff20999df2af8eb42d56 -> 
========================================================================
Received Import Request.
  Time since last request: 153.086436 seconds.
  path: Assets/Sprites/Jump (8).png
  artifactKey: Guid(0ac5a09e337e9ec489da7d6f714367b1) Importer(815301076,1909f56bfc062723c751e8b465ee728b)
Start importing Assets/Sprites/Jump (8).png using Guid(0ac5a09e337e9ec489da7d6f714367b1) Importer(815301076,1909f56bfc062723c751e8b465ee728b)  -> (artifact id: '2db2b3e34bed7fa053b51397bb5350ee') in 0.150742 seconds 
  Import took 0.158812 seconds .

========================================================================
Received Import Request.
  Time since last request: 0.000464 seconds.
  path: Assets/Sprites/Run (2).png
  artifactKey: Guid(f4ad92f68002c6c40aec1e6c3c222306) Importer(815301076,1909f56bfc062723c751e8b465ee728b)
Start importing Assets/Sprites/Run (2).png using Guid(f4ad92f68002c6c40aec1e6c3c222306) Importer(815301076,1909f56bfc062723c751e8b465ee728b)  -> (artifact id: '93ba1a938bfd6b9d66649196fd842d8b') in 0.036483 seconds 
  Import took 0.043231 seconds .

========================================================================
Received Import Request.
  Time since last request: 0.000400 seconds.
  path: Assets/Sprites/Run (1).png
  artifactKey: Guid(ffe0ddd788d721b4cb08e13d862d5fe5) Importer(815301076,1909f56bfc062723c751e8b465ee728b)
Start importing Assets/Sprites/Run (1).png using Guid(ffe0ddd788d721b4cb08e13d862d5fe5) Importer(815301076,1909f56bfc062723c751e8b465ee728b)  -> (artifact id: '6c4a8e2520e476fb709d82956b1b462d') in 0.034061 seconds 
  Import took 0.045114 seconds .

========================================================================
Received Import Request.
  Time since last request: 0.000399 seconds.
  path: Assets/Sprites/Run (3).png
  artifactKey: Guid(b8ce1d384d5e2224da06847a69bc3828) Importer(815301076,1909f56bfc062723c751e8b465ee728b)
Start importing Assets/Sprites/Run (3).png using Guid(b8ce1d384d5e2224da06847a69bc3828) Importer(815301076,1909f56bfc062723c751e8b465ee728b)  -> (artifact id: 'ffd9016a55223420d23284a272eabe24') in 0.036950 seconds 
  Import took 0.046756 seconds .

========================================================================
Received Import Request.
  Time since last request: 0.180053 seconds.
  path: Assets/Sprites/Run (4).png
  artifactKey: Guid(f5953c82febcf8d4ca1243cad791fa59) Importer(815301076,1909f56bfc062723c751e8b465ee728b)
Start importing Assets/Sprites/Run (4).png using Guid(f5953c82febcf8d4ca1243cad791fa59) Importer(815301076,1909f56bfc062723c751e8b465ee728b)  -> (artifact id: 'b0de71264500db7221e5b15cb44b3ad9') in 0.039724 seconds 
  Import took 0.047847 seconds .

========================================================================
Received Import Request.
  Time since last request: 0.000512 seconds.
  path: Assets/Sprites/Run (6).png
  artifactKey: Guid(fcafb3d29f40d2540a0b7a30c93c7281) Importer(815301076,1909f56bfc062723c751e8b465ee728b)
Start importing Assets/Sprites/Run (6).png using Guid(fcafb3d29f40d2540a0b7a30c93c7281) Importer(815301076,1909f56bfc062723c751e8b465ee728b)  -> (artifact id: 'dcd16abdb1b97cccf3fc85e427bdb44d') in 0.041990 seconds 
  Import took 0.049421 seconds .

========================================================================
Received Import Request.
  Time since last request: 0.000314 seconds.
  path: Assets/Sprites/Run (7).png
  artifactKey: Guid(c5a7bdbd4f07614499d28b91752c4bb6) Importer(815301076,1909f56bfc062723c751e8b465ee728b)
Start importing Assets/Sprites/Run (7).png using Guid(c5a7bdbd4f07614499d28b91752c4bb6) Importer(815301076,1909f56bfc062723c751e8b465ee728b)  -> (artifact id: '92fd36b601fc76e6d2db9172ae6ac13f') in 0.040098 seconds 
  Import took 0.047806 seconds .

========================================================================
Received Import Request.
  Time since last request: 0.000438 seconds.
  path: Assets/Sprites/Run (5).png
  artifactKey: Guid(7fe8113dd149c8a4e9332711f7cd8f2e) Importer(815301076,1909f56bfc062723c751e8b465ee728b)
Start importing Assets/Sprites/Run (5).png using Guid(7fe8113dd149c8a4e9332711f7cd8f2e) Importer(815301076,1909f56bfc062723c751e8b465ee728b)  -> (artifact id: '9ce9d9a388399588226669eeb3551846') in 0.042778 seconds 
  Import took 0.052173 seconds .

========================================================================
Received Import Request.
  Time since last request: 0.702836 seconds.
  path: Assets/Sprites/Run (8).png
  artifactKey: Guid(63f1a9541d0fba34eb5877c74a34af4c) Importer(815301076,1909f56bfc062723c751e8b465ee728b)
Start importing Assets/Sprites/Run (8).png using Guid(63f1a9541d0fba34eb5877c74a34af4c) Importer(815301076,1909f56bfc062723c751e8b465ee728b)  -> (artifact id: '7b2c027d3b8b437a10f2d5dac23125e9') in 0.039009 seconds 
  Import took 0.048016 seconds .

========================================================================
Received Import Request.
  Time since last request: 0.000286 seconds.
  path: Assets/Sprites/Slide (1).png
  artifactKey: Guid(c7af80d193aa9fa4d928f1eebd03118e) Importer(815301076,1909f56bfc062723c751e8b465ee728b)
Start importing Assets/Sprites/Slide (1).png using Guid(c7af80d193aa9fa4d928f1eebd03118e) Importer(815301076,1909f56bfc062723c751e8b465ee728b)  -> (artifact id: 'f372c8250eb43b6085f979c855201422') in 0.039169 seconds 
  Import took 0.046807 seconds .

========================================================================
Received Import Request.
  Time since last request: 0.000295 seconds.
  path: Assets/Sprites/Slide (3).png
  artifactKey: Guid(3c49cb23f769b71488ec4a4a485facb0) Importer(815301076,1909f56bfc062723c751e8b465ee728b)
Start importing Assets/Sprites/Slide (3).png using Guid(3c49cb23f769b71488ec4a4a485facb0) Importer(815301076,1909f56bfc062723c751e8b465ee728b)  -> (artifact id: 'b38ffbad80d71dee62db2665ef6094fb') in 0.038066 seconds 
  Import took 0.046401 seconds .

========================================================================
Received Import Request.
  Time since last request: 0.000312 seconds.
  path: Assets/Sprites/Slide (2).png
  artifactKey: Guid(e8e8636d2bab5c64990f4172605433e6) Importer(815301076,1909f56bfc062723c751e8b465ee728b)
Start importing Assets/Sprites/Slide (2).png using Guid(e8e8636d2bab5c64990f4172605433e6) Importer(815301076,1909f56bfc062723c751e8b465ee728b)  -> (artifact id: '94a93eacfe3a5c5aec5c88f29312f1bd') in 0.041830 seconds 
  Import took 0.048793 seconds .

========================================================================
Received Import Request.
  Time since last request: 0.526981 seconds.
  path: Assets/Sprites/Slide (4).png
  artifactKey: Guid(af8b294da3de9c4418395f16c153693e) Importer(815301076,1909f56bfc062723c751e8b465ee728b)
Start importing Assets/Sprites/Slide (4).png using Guid(af8b294da3de9c4418395f16c153693e) Importer(815301076,1909f56bfc062723c751e8b465ee728b)  -> (artifact id: '384d2efbd297dd77ee11216df3362896') in 0.036631 seconds 
  Import took 0.043179 seconds .

========================================================================
Received Import Request.
  Time since last request: 0.000429 seconds.
  path: Assets/Sprites/Slide (6).png
  artifactKey: Guid(414677ec1569dd54cbeb3d0c85c3c33e) Importer(815301076,1909f56bfc062723c751e8b465ee728b)
Start importing Assets/Sprites/Slide (6).png using Guid(414677ec1569dd54cbeb3d0c85c3c33e) Importer(815301076,1909f56bfc062723c751e8b465ee728b)  -> (artifact id: '171884dddda3fa936d2578df7004c791') in 0.033367 seconds 
  Import took 0.040410 seconds .

========================================================================
Received Import Request.
  Time since last request: 0.000273 seconds.
  path: Assets/Sprites/Slide (5).png
  artifactKey: Guid(33cfae5f42df9f4439d147ea455e87cb) Importer(815301076,1909f56bfc062723c751e8b465ee728b)
Start importing Assets/Sprites/Slide (5).png using Guid(33cfae5f42df9f4439d147ea455e87cb) Importer(815301076,1909f56bfc062723c751e8b465ee728b)  -> (artifact id: '6f1fe2d621e849144fc4460a2c90ee23') in 0.032684 seconds 
  Import took 0.041357 seconds .

========================================================================
Received Import Request.
  Time since last request: 0.000509 seconds.
  path: Assets/Sprites/Slide (7).png
  artifactKey: Guid(9b2cae3339956de49bb90348b6fdf60a) Importer(815301076,1909f56bfc062723c751e8b465ee728b)
Start importing Assets/Sprites/Slide (7).png using Guid(9b2cae3339956de49bb90348b6fdf60a) Importer(815301076,1909f56bfc062723c751e8b465ee728b)  -> (artifact id: '5a46aaa79fa59106ea2e0f1173ab2428') in 0.035613 seconds 
  Import took 0.042871 seconds .

========================================================================
Received Import Request.
  Time since last request: 0.242075 seconds.
  path: Assets/Sprites/Slide (8).png
  artifactKey: Guid(04b31a528ece44c4d8d4daa4cdd9d014) Importer(815301076,1909f56bfc062723c751e8b465ee728b)
Start importing Assets/Sprites/Slide (8).png using Guid(04b31a528ece44c4d8d4daa4cdd9d014) Importer(815301076,1909f56bfc062723c751e8b465ee728b)  -> (artifact id: 'b52153fd90938dfb8a9882c8ed1aaee1') in 0.031432 seconds 
  Import took 0.036341 seconds .

========================================================================
Received Import Request.
  Time since last request: 0.000327 seconds.
  path: Assets/Sprites/Walk (1).png
  artifactKey: Guid(ac98448cdf9d38d4eb230a194c636965) Importer(815301076,1909f56bfc062723c751e8b465ee728b)
Start importing Assets/Sprites/Walk (1).png using Guid(ac98448cdf9d38d4eb230a194c636965) Importer(815301076,1909f56bfc062723c751e8b465ee728b)  -> (artifact id: '123b325a5ee97685e768567f2f7247cf') in 0.031965 seconds 
  Import took 0.037375 seconds .

========================================================================
Received Import Request.
  Time since last request: 0.000382 seconds.
  path: Assets/Sprites/Slide (9).png
  artifactKey: Guid(f930d6d22147d8e4ead9114c5d451ae6) Importer(815301076,1909f56bfc062723c751e8b465ee728b)
Start importing Assets/Sprites/Slide (9).png using Guid(f930d6d22147d8e4ead9114c5d451ae6) Importer(815301076,1909f56bfc062723c751e8b465ee728b)  -> (artifact id: '78d99a58a69cc9b85cd1fe18eb59a8fa') in 0.034172 seconds 
  Import took 0.041357 seconds .

========================================================================
Received Import Request.
  Time since last request: 0.000376 seconds.
  path: Assets/Sprites/Slide (10).png
  artifactKey: Guid(ad14f289c0380e9429586c47040afe65) Importer(815301076,1909f56bfc062723c751e8b465ee728b)
Start importing Assets/Sprites/Slide (10).png using Guid(ad14f289c0380e9429586c47040afe65) Importer(815301076,1909f56bfc062723c751e8b465ee728b)  -> (artifact id: '9710617956ba94894422a0e3d155d3f0') in 0.030974 seconds 
  Import took 0.039710 seconds .

========================================================================
Received Import Request.
  Time since last request: 0.959729 seconds.
  path: Assets/Sprites/Walk (2).png
  artifactKey: Guid(2f2d7d0c90e067c4cb8fe4ca4622ae7b) Importer(815301076,1909f56bfc062723c751e8b465ee728b)
Start importing Assets/Sprites/Walk (2).png using Guid(2f2d7d0c90e067c4cb8fe4ca4622ae7b) Importer(815301076,1909f56bfc062723c751e8b465ee728b)  -> (artifact id: '4c2d466346415517da2e27136d3fb78d') in 0.035417 seconds 
  Import took 0.041079 seconds .

========================================================================
Received Import Request.
  Time since last request: 0.000340 seconds.
  path: Assets/Sprites/Walk (4).png
  artifactKey: Guid(af63f40873a4a91429f6a429d1580978) Importer(815301076,1909f56bfc062723c751e8b465ee728b)
Start importing Assets/Sprites/Walk (4).png using Guid(af63f40873a4a91429f6a429d1580978) Importer(815301076,1909f56bfc062723c751e8b465ee728b)  -> (artifact id: 'fe78d68eab873923cce621c654f788ac') in 0.034426 seconds 
  Import took 0.041250 seconds .

========================================================================
Received Import Request.
  Time since last request: 0.000253 seconds.
  path: Assets/Sprites/Walk (3).png
  artifactKey: Guid(20ef248d5d882fc43926c8050e2e5241) Importer(815301076,1909f56bfc062723c751e8b465ee728b)
Start importing Assets/Sprites/Walk (3).png using Guid(20ef248d5d882fc43926c8050e2e5241) Importer(815301076,1909f56bfc062723c751e8b465ee728b)  -> (artifact id: 'd0bd1cd72598a9e933cc9c6dc4a4d3c2') in 0.036750 seconds 
  Import took 0.043806 seconds .

========================================================================
Received Import Request.
  Time since last request: 0.000360 seconds.
  path: Assets/Sprites/Walk (5).png
  artifactKey: Guid(61fa4eece2daf5242b4505baa83a5d72) Importer(815301076,1909f56bfc062723c751e8b465ee728b)
Start importing Assets/Sprites/Walk (5).png using Guid(61fa4eece2daf5242b4505baa83a5d72) Importer(815301076,1909f56bfc062723c751e8b465ee728b)  -> (artifact id: 'a63af5828a844249c4d958e4b9ccabcd') in 0.034830 seconds 
  Import took 0.041564 seconds .

========================================================================
Received Import Request.
  Time since last request: 0.000303 seconds.
  path: Assets/Sprites/Walk (6).png
  artifactKey: Guid(ab5360d1b72f4bf458a437d4bade9b66) Importer(815301076,1909f56bfc062723c751e8b465ee728b)
Start importing Assets/Sprites/Walk (6).png using Guid(ab5360d1b72f4bf458a437d4bade9b66) Importer(815301076,1909f56bfc062723c751e8b465ee728b)  -> (artifact id: '454cf37386e9cf8c04bccb537b885519') in 0.037537 seconds 
  Import took 0.044208 seconds .

========================================================================
Received Import Request.
  Time since last request: 0.000384 seconds.
  path: Assets/Sprites/Walk (7).png
  artifactKey: Guid(901324daace86be4fbd15a1eb9d53947) Importer(815301076,1909f56bfc062723c751e8b465ee728b)
Start importing Assets/Sprites/Walk (7).png using Guid(901324daace86be4fbd15a1eb9d53947) Importer(815301076,1909f56bfc062723c751e8b465ee728b)  -> (artifact id: '5fbce428e740ff7bbdd043c364fc187a') in 0.041481 seconds 
  Import took 0.049412 seconds .

========================================================================
Received Import Request.
  Time since last request: 0.000321 seconds.
  path: Assets/Sprites/Walk (9).png
  artifactKey: Guid(990a0f39e68acc84da5c94165e56c97a) Importer(815301076,1909f56bfc062723c751e8b465ee728b)
Start importing Assets/Sprites/Walk (9).png using Guid(990a0f39e68acc84da5c94165e56c97a) Importer(815301076,1909f56bfc062723c751e8b465ee728b)  -> (artifact id: '0d3bfa3853f4731e8930c3ff20beb304') in 0.037571 seconds 
  Import took 0.045048 seconds .

========================================================================
Received Import Request.
  Time since last request: 0.000279 seconds.
  path: Assets/Sprites/Walk (8).png
  artifactKey: Guid(709759c4fae697f4e8bd83c968f64182) Importer(815301076,1909f56bfc062723c751e8b465ee728b)
Start importing Assets/Sprites/Walk (8).png using Guid(709759c4fae697f4e8bd83c968f64182) Importer(815301076,1909f56bfc062723c751e8b465ee728b)  -> (artifact id: '51b5ed8a416e10e9a817cb5ff0e8488c') in 0.053450 seconds 
  Import took 0.063088 seconds .

========================================================================
Received Import Request.
  Time since last request: 0.000329 seconds.
  path: Assets/Sprites/Walk (3).png
  artifactKey: Guid(20ef248d5d882fc43926c8050e2e5241) Importer(815301076,1909f56bfc062723c751e8b465ee728b)
Start importing Assets/Sprites/Walk (3).png using Guid(20ef248d5d882fc43926c8050e2e5241) Importer(815301076,1909f56bfc062723c751e8b465ee728b)  -> (artifact id: 'd0bd1cd72598a9e933cc9c6dc4a4d3c2') in 0.036360 seconds 
  Import took 0.043222 seconds .

========================================================================
Received Import Request.
  Time since last request: 0.148541 seconds.
  path: Assets/Sprites/Walk (10).png
  artifactKey: Guid(eb5e143447cee3949bd45b5b79a30cb1) Importer(815301076,1909f56bfc062723c751e8b465ee728b)
Start importing Assets/Sprites/Walk (10).png using Guid(eb5e143447cee3949bd45b5b79a30cb1) Importer(815301076,1909f56bfc062723c751e8b465ee728b)  -> (artifact id: '50118c28a76c1aac8af94e76d0fb8a99') in 0.042506 seconds 
  Import took 0.051545 seconds .

========================================================================
Received Import Request.
  Time since last request: 100.812331 seconds.
  path: Assets/Animations/Idle (1).controller
  artifactKey: Guid(7b5d98297f70dad41a9f504326b9c1a1) Importer(815301076,1909f56bfc062723c751e8b465ee728b)
Start importing Assets/Animations/Idle (1).controller using Guid(7b5d98297f70dad41a9f504326b9c1a1) Importer(815301076,1909f56bfc062723c751e8b465ee728b)  -> (artifact id: '419efcaf655ea27fc4a747664842d753') in 0.026824 seconds 
  Import took 0.034918 seconds .

========================================================================
Received Prepare
Registering precompiled user dll's ...
Registered in 0.012549 seconds.
Begin MonoManager ReloadAssembly
Native extension for WindowsStandalone target not found
Refreshing native plugins compatible for Editor in 0.81 ms, found 3 plugins.
Preloading 0 native plugins for Editor in 0.00 ms.
Mono: successfully reloaded assembly
- Completed reload, in  3.447 seconds
Domain Reload Profiling:
	ReloadAssembly (3449ms)
		BeginReloadAssembly (374ms)
			ExecutionOrderSort (0ms)
			DisableScriptedObjects (20ms)
			BackupInstance (0ms)
			ReleaseScriptingObjects (0ms)
			CreateAndSetChildDomain (95ms)
		EndReloadAssembly (2843ms)
			LoadAssemblies (309ms)
			RebuildTransferFunctionScriptingTraits (0ms)
			SetupTypeCache (881ms)
			ReleaseScriptCaches (2ms)
			RebuildScriptCaches (120ms)
			SetupLoadedEditorAssemblies (1241ms)
				LogAssemblyErrors (0ms)
				InitializePlatformSupportModulesInManaged (15ms)
				SetLoadedEditorAssemblies (1ms)
				RefreshPlugins (1ms)
				BeforeProcessingInitializeOnLoad (292ms)
				ProcessInitializeOnLoadAttributes (882ms)
				ProcessInitializeOnLoadMethodAttributes (23ms)
				AfterProcessingInitializeOnLoad (26ms)
				EditorAssembliesLoaded (0ms)
			ExecutionOrderSort2 (0ms)
			AwakeInstancesAfterBackupRestoration (43ms)
Platform modules already initialized, skipping
Refreshing native plugins compatible for Editor in 1.01 ms, found 3 plugins.
Preloading 0 native plugins for Editor in 0.00 ms.
Unloading 2082 Unused Serialized files (Serialized files now loaded: 0)
System memory in use before: 96.5 MB.
System memory in use after: 96.6 MB.

Unloading 16 unused Assets to reduce memory usage. Loaded Objects now: 2554.
Total: 6.058300 ms (FindLiveObjects: 0.195700 ms CreateObjectMapping: 0.075600 ms MarkObjects: 5.747100 ms  DeleteObjects: 0.037400 ms)

AssetImportParameters requested are different than current active one (requested -> active):
  custom:framework-win-MediaFoundation: 216162199b28c13a410421893ffa2e32 -> 
  custom:video-decoder-ogg-theora: a1e56fd34408186e4bbccfd4996cb3dc -> 
  custom:container-muxer-webm: aa71ff27fc2769a1b78a27578f13a17b -> 
  custom:container-demuxer-webm: 4f35f7cbe854078d1ac9338744f61a02 -> 
  custom:container-demuxer-ogg: 62fdf1f143b41e24485cea50d1cbac27 -> 
  custom:video-encoder-webm-vp8: eb34c28f22e8b96e1ab97ce403110664 -> 
  custom:video-codec-MediaFoundation-h265: 746d11721c4dcdbdad8f713fa42b33f4 -> 
  custom:video-decoder-webm-vp8: 9c59270c3fd7afecdb556c50c9e8de78 -> 
  custom:audio-decoder-ogg-vorbis: bf7c407c2cedff20999df2af8eb42d56 -> 
  custom:audio-encoder-webm-vorbis: bf7c407c2cedff20999df2af8eb42d56 -> 
========================================================================
Received Prepare
Registering precompiled user dll's ...
Registered in 0.013288 seconds.
Begin MonoManager ReloadAssembly
Native extension for WindowsStandalone target not found
Refreshing native plugins compatible for Editor in 0.56 ms, found 3 plugins.
Preloading 0 native plugins for Editor in 0.00 ms.
Mono: successfully reloaded assembly
- Completed reload, in  3.327 seconds
Domain Reload Profiling:
	ReloadAssembly (3328ms)
		BeginReloadAssembly (332ms)
			ExecutionOrderSort (0ms)
			DisableScriptedObjects (16ms)
			BackupInstance (0ms)
			ReleaseScriptingObjects (0ms)
			CreateAndSetChildDomain (83ms)
		EndReloadAssembly (2776ms)
			LoadAssemblies (330ms)
			RebuildTransferFunctionScriptingTraits (0ms)
			SetupTypeCache (895ms)
			ReleaseScriptCaches (2ms)
			RebuildScriptCaches (112ms)
			SetupLoadedEditorAssemblies (1166ms)
				LogAssemblyErrors (0ms)
				InitializePlatformSupportModulesInManaged (10ms)
				SetLoadedEditorAssemblies (1ms)
				RefreshPlugins (1ms)
				BeforeProcessingInitializeOnLoad (279ms)
				ProcessInitializeOnLoadAttributes (830ms)
				ProcessInitializeOnLoadMethodAttributes (20ms)
				AfterProcessingInitializeOnLoad (24ms)
				EditorAssembliesLoaded (0ms)
			ExecutionOrderSort2 (0ms)
			AwakeInstancesAfterBackupRestoration (34ms)
Platform modules already initialized, skipping
Refreshing native plugins compatible for Editor in 1.26 ms, found 3 plugins.
Preloading 0 native plugins for Editor in 0.00 ms.
Unloading 2082 Unused Serialized files (Serialized files now loaded: 0)
System memory in use before: 96.5 MB.
System memory in use after: 96.6 MB.

Unloading 16 unused Assets to reduce memory usage. Loaded Objects now: 2557.
Total: 8.944500 ms (FindLiveObjects: 0.226400 ms CreateObjectMapping: 0.121900 ms MarkObjects: 8.507600 ms  DeleteObjects: 0.085600 ms)

AssetImportParameters requested are different than current active one (requested -> active):
  custom:framework-win-MediaFoundation: 216162199b28c13a410421893ffa2e32 -> 
  custom:video-decoder-ogg-theora: a1e56fd34408186e4bbccfd4996cb3dc -> 
  custom:container-muxer-webm: aa71ff27fc2769a1b78a27578f13a17b -> 
  custom:container-demuxer-webm: 4f35f7cbe854078d1ac9338744f61a02 -> 
  custom:container-demuxer-ogg: 62fdf1f143b41e24485cea50d1cbac27 -> 
  custom:video-encoder-webm-vp8: eb34c28f22e8b96e1ab97ce403110664 -> 
  custom:video-codec-MediaFoundation-h265: 746d11721c4dcdbdad8f713fa42b33f4 -> 
  custom:video-decoder-webm-vp8: 9c59270c3fd7afecdb556c50c9e8de78 -> 
  custom:audio-decoder-ogg-vorbis: bf7c407c2cedff20999df2af8eb42d56 -> 
  custom:audio-encoder-webm-vorbis: bf7c407c2cedff20999df2af8eb42d56 -> 
========================================================================
Received Import Request.
  Time since last request: 264.174860 seconds.
  path: Assets/Animations/Idle (1).controller
  artifactKey: Guid(7b5d98297f70dad41a9f504326b9c1a1) Importer(815301076,1909f56bfc062723c751e8b465ee728b)
Start importing Assets/Animations/Idle (1).controller using Guid(7b5d98297f70dad41a9f504326b9c1a1) Importer(815301076,1909f56bfc062723c751e8b465ee728b)  -> (artifact id: 'e0124b30585fe6e511a5da4013e1a896') in 0.038777 seconds 
  Import took 0.048919 seconds .

========================================================================
Received Prepare
Registering precompiled user dll's ...
Registered in 0.010797 seconds.
Begin MonoManager ReloadAssembly
Native extension for WindowsStandalone target not found
Refreshing native plugins compatible for Editor in 1.16 ms, found 3 plugins.
Preloading 0 native plugins for Editor in 0.00 ms.
Mono: successfully reloaded assembly
- Completed reload, in  2.701 seconds
Domain Reload Profiling:
	ReloadAssembly (2701ms)
		BeginReloadAssembly (232ms)
			ExecutionOrderSort (0ms)
			DisableScriptedObjects (14ms)
			BackupInstance (0ms)
			ReleaseScriptingObjects (0ms)
			CreateAndSetChildDomain (62ms)
		EndReloadAssembly (2284ms)
			LoadAssemblies (223ms)
			RebuildTransferFunctionScriptingTraits (0ms)
			SetupTypeCache (834ms)
			ReleaseScriptCaches (1ms)
			RebuildScriptCaches (99ms)
			SetupLoadedEditorAssemblies (906ms)
				LogAssemblyErrors (0ms)
				InitializePlatformSupportModulesInManaged (9ms)
				SetLoadedEditorAssemblies (1ms)
				RefreshPlugins (1ms)
				BeforeProcessingInitializeOnLoad (225ms)
				ProcessInitializeOnLoadAttributes (642ms)
				ProcessInitializeOnLoadMethodAttributes (12ms)
				AfterProcessingInitializeOnLoad (15ms)
				EditorAssembliesLoaded (0ms)
			ExecutionOrderSort2 (0ms)
			AwakeInstancesAfterBackupRestoration (28ms)
Platform modules already initialized, skipping
Refreshing native plugins compatible for Editor in 0.79 ms, found 3 plugins.
Preloading 0 native plugins for Editor in 0.00 ms.
Unloading 2082 Unused Serialized files (Serialized files now loaded: 0)
System memory in use before: 96.5 MB.
System memory in use after: 96.6 MB.

Unloading 16 unused Assets to reduce memory usage. Loaded Objects now: 2560.
Total: 7.919800 ms (FindLiveObjects: 0.201500 ms CreateObjectMapping: 0.095000 ms MarkObjects: 7.571200 ms  DeleteObjects: 0.049500 ms)

AssetImportParameters requested are different than current active one (requested -> active):
  custom:framework-win-MediaFoundation: 216162199b28c13a410421893ffa2e32 -> 
  custom:video-decoder-ogg-theora: a1e56fd34408186e4bbccfd4996cb3dc -> 
  custom:container-muxer-webm: aa71ff27fc2769a1b78a27578f13a17b -> 
  custom:container-demuxer-webm: 4f35f7cbe854078d1ac9338744f61a02 -> 
  custom:container-demuxer-ogg: 62fdf1f143b41e24485cea50d1cbac27 -> 
  custom:video-encoder-webm-vp8: eb34c28f22e8b96e1ab97ce403110664 -> 
  custom:video-codec-MediaFoundation-h265: 746d11721c4dcdbdad8f713fa42b33f4 -> 
  custom:video-decoder-webm-vp8: 9c59270c3fd7afecdb556c50c9e8de78 -> 
  custom:audio-decoder-ogg-vorbis: bf7c407c2cedff20999df2af8eb42d56 -> 
  custom:audio-encoder-webm-vorbis: bf7c407c2cedff20999df2af8eb42d56 -> 
========================================================================
Received Prepare
Registering precompiled user dll's ...
Registered in 0.015100 seconds.
Begin MonoManager ReloadAssembly
Native extension for WindowsStandalone target not found
Refreshing native plugins compatible for Editor in 1.08 ms, found 3 plugins.
Preloading 0 native plugins for Editor in 0.00 ms.
Mono: successfully reloaded assembly
- Completed reload, in  2.435 seconds
Domain Reload Profiling:
	ReloadAssembly (2436ms)
		BeginReloadAssembly (219ms)
			ExecutionOrderSort (0ms)
			DisableScriptedObjects (14ms)
			BackupInstance (0ms)
			ReleaseScriptingObjects (0ms)
			CreateAndSetChildDomain (65ms)
		EndReloadAssembly (2061ms)
			LoadAssemblies (196ms)
			RebuildTransferFunctionScriptingTraits (0ms)
			SetupTypeCache (686ms)
			ReleaseScriptCaches (2ms)
			RebuildScriptCaches (96ms)
			SetupLoadedEditorAssemblies (816ms)
				LogAssemblyErrors (0ms)
				InitializePlatformSupportModulesInManaged (12ms)
				SetLoadedEditorAssemblies (1ms)
				RefreshPlugins (1ms)
				BeforeProcessingInitializeOnLoad (221ms)
				ProcessInitializeOnLoadAttributes (555ms)
				ProcessInitializeOnLoadMethodAttributes (11ms)
				AfterProcessingInitializeOnLoad (15ms)
				EditorAssembliesLoaded (0ms)
			ExecutionOrderSort2 (0ms)
			AwakeInstancesAfterBackupRestoration (21ms)
Platform modules already initialized, skipping
Refreshing native plugins compatible for Editor in 0.75 ms, found 3 plugins.
Preloading 0 native plugins for Editor in 0.00 ms.
Unloading 2082 Unused Serialized files (Serialized files now loaded: 0)
System memory in use before: 96.5 MB.
System memory in use after: 96.6 MB.

Unloading 16 unused Assets to reduce memory usage. Loaded Objects now: 2563.
Total: 5.644400 ms (FindLiveObjects: 0.256800 ms CreateObjectMapping: 0.134000 ms MarkObjects: 5.212300 ms  DeleteObjects: 0.039300 ms)

AssetImportParameters requested are different than current active one (requested -> active):
  custom:framework-win-MediaFoundation: 216162199b28c13a410421893ffa2e32 -> 
  custom:video-decoder-ogg-theora: a1e56fd34408186e4bbccfd4996cb3dc -> 
  custom:container-muxer-webm: aa71ff27fc2769a1b78a27578f13a17b -> 
  custom:container-demuxer-webm: 4f35f7cbe854078d1ac9338744f61a02 -> 
  custom:container-demuxer-ogg: 62fdf1f143b41e24485cea50d1cbac27 -> 
  custom:video-encoder-webm-vp8: eb34c28f22e8b96e1ab97ce403110664 -> 
  custom:video-codec-MediaFoundation-h265: 746d11721c4dcdbdad8f713fa42b33f4 -> 
  custom:video-decoder-webm-vp8: 9c59270c3fd7afecdb556c50c9e8de78 -> 
  custom:audio-decoder-ogg-vorbis: bf7c407c2cedff20999df2af8eb42d56 -> 
  custom:audio-encoder-webm-vorbis: bf7c407c2cedff20999df2af8eb42d56 -> 
========================================================================
Received Import Request.
  Time since last request: 802.352539 seconds.
  path: Assets/Scripts/CatController.cs
  artifactKey: Guid(1c2f940318d824741854997c1187e10e) Importer(815301076,1909f56bfc062723c751e8b465ee728b)
Start importing Assets/Scripts/CatController.cs using Guid(1c2f940318d824741854997c1187e10e) Importer(815301076,1909f56bfc062723c751e8b465ee728b)  -> (artifact id: '3a600fe6e6c4deffc98a261a5aa8c02d') in 0.020978 seconds 
  Import took 0.026943 seconds .

========================================================================
Received Prepare
Registering precompiled user dll's ...
Registered in 0.012953 seconds.
Begin MonoManager ReloadAssembly
Native extension for WindowsStandalone target not found
Refreshing native plugins compatible for Editor in 0.80 ms, found 3 plugins.
Preloading 0 native plugins for Editor in 0.00 ms.
Mono: successfully reloaded assembly
- Completed reload, in  2.680 seconds
Domain Reload Profiling:
	ReloadAssembly (2681ms)
		BeginReloadAssembly (341ms)
			ExecutionOrderSort (0ms)
			DisableScriptedObjects (18ms)
			BackupInstance (0ms)
			ReleaseScriptingObjects (0ms)
			CreateAndSetChildDomain (81ms)
		EndReloadAssembly (2134ms)
			LoadAssemblies (307ms)
			RebuildTransferFunctionScriptingTraits (0ms)
			SetupTypeCache (683ms)
			ReleaseScriptCaches (2ms)
			RebuildScriptCaches (100ms)
			SetupLoadedEditorAssemblies (843ms)
				LogAssemblyErrors (0ms)
				InitializePlatformSupportModulesInManaged (11ms)
				SetLoadedEditorAssemblies (1ms)
				RefreshPlugins (1ms)
				BeforeProcessingInitializeOnLoad (200ms)
				ProcessInitializeOnLoadAttributes (600ms)
				ProcessInitializeOnLoadMethodAttributes (13ms)
				AfterProcessingInitializeOnLoad (16ms)
				EditorAssembliesLoaded (0ms)
			ExecutionOrderSort2 (0ms)
			AwakeInstancesAfterBackupRestoration (23ms)
Platform modules already initialized, skipping
Refreshing native plugins compatible for Editor in 0.76 ms, found 3 plugins.
Preloading 0 native plugins for Editor in 0.00 ms.
Unloading 2082 Unused Serialized files (Serialized files now loaded: 0)
System memory in use before: 96.5 MB.
System memory in use after: 96.6 MB.

Unloading 16 unused Assets to reduce memory usage. Loaded Objects now: 2566.
Total: 5.885900 ms (FindLiveObjects: 0.300400 ms CreateObjectMapping: 0.157400 ms MarkObjects: 5.389100 ms  DeleteObjects: 0.037400 ms)

AssetImportParameters requested are different than current active one (requested -> active):
  custom:framework-win-MediaFoundation: 216162199b28c13a410421893ffa2e32 -> 
  custom:video-decoder-ogg-theora: a1e56fd34408186e4bbccfd4996cb3dc -> 
  custom:container-muxer-webm: aa71ff27fc2769a1b78a27578f13a17b -> 
  custom:container-demuxer-webm: 4f35f7cbe854078d1ac9338744f61a02 -> 
  custom:container-demuxer-ogg: 62fdf1f143b41e24485cea50d1cbac27 -> 
  custom:video-encoder-webm-vp8: eb34c28f22e8b96e1ab97ce403110664 -> 
  custom:video-codec-MediaFoundation-h265: 746d11721c4dcdbdad8f713fa42b33f4 -> 
  custom:video-decoder-webm-vp8: 9c59270c3fd7afecdb556c50c9e8de78 -> 
  custom:audio-decoder-ogg-vorbis: bf7c407c2cedff20999df2af8eb42d56 -> 
  custom:audio-encoder-webm-vorbis: bf7c407c2cedff20999df2af8eb42d56 -> 
========================================================================
Received Prepare
Registering precompiled user dll's ...
Registered in 0.011176 seconds.
Begin MonoManager ReloadAssembly
Native extension for WindowsStandalone target not found
Refreshing native plugins compatible for Editor in 0.68 ms, found 3 plugins.
Preloading 0 native plugins for Editor in 0.00 ms.
Mono: successfully reloaded assembly
- Completed reload, in  2.242 seconds
Domain Reload Profiling:
	ReloadAssembly (2244ms)
		BeginReloadAssembly (227ms)
			ExecutionOrderSort (0ms)
			DisableScriptedObjects (13ms)
			BackupInstance (0ms)
			ReleaseScriptingObjects (0ms)
			CreateAndSetChildDomain (58ms)
		EndReloadAssembly (1867ms)
			LoadAssemblies (204ms)
			RebuildTransferFunctionScriptingTraits (0ms)
			SetupTypeCache (588ms)
			ReleaseScriptCaches (2ms)
			RebuildScriptCaches (92ms)
			SetupLoadedEditorAssemblies (804ms)
				LogAssemblyErrors (0ms)
				InitializePlatformSupportModulesInManaged (8ms)
				SetLoadedEditorAssemblies (1ms)
				RefreshPlugins (1ms)
				BeforeProcessingInitializeOnLoad (201ms)
				ProcessInitializeOnLoadAttributes (566ms)
				ProcessInitializeOnLoadMethodAttributes (14ms)
				AfterProcessingInitializeOnLoad (12ms)
				EditorAssembliesLoaded (0ms)
			ExecutionOrderSort2 (0ms)
			AwakeInstancesAfterBackupRestoration (17ms)
Platform modules already initialized, skipping
Refreshing native plugins compatible for Editor in 0.63 ms, found 3 plugins.
Preloading 0 native plugins for Editor in 0.00 ms.
Unloading 2082 Unused Serialized files (Serialized files now loaded: 0)
System memory in use before: 96.5 MB.
System memory in use after: 96.6 MB.

Unloading 16 unused Assets to reduce memory usage. Loaded Objects now: 2569.
Total: 5.351100 ms (FindLiveObjects: 0.299500 ms CreateObjectMapping: 0.127600 ms MarkObjects: 4.894000 ms  DeleteObjects: 0.028300 ms)

AssetImportParameters requested are different than current active one (requested -> active):
  custom:framework-win-MediaFoundation: 216162199b28c13a410421893ffa2e32 -> 
  custom:video-decoder-ogg-theora: a1e56fd34408186e4bbccfd4996cb3dc -> 
  custom:container-muxer-webm: aa71ff27fc2769a1b78a27578f13a17b -> 
  custom:container-demuxer-webm: 4f35f7cbe854078d1ac9338744f61a02 -> 
  custom:container-demuxer-ogg: 62fdf1f143b41e24485cea50d1cbac27 -> 
  custom:video-encoder-webm-vp8: eb34c28f22e8b96e1ab97ce403110664 -> 
  custom:video-codec-MediaFoundation-h265: 746d11721c4dcdbdad8f713fa42b33f4 -> 
  custom:video-decoder-webm-vp8: 9c59270c3fd7afecdb556c50c9e8de78 -> 
  custom:audio-decoder-ogg-vorbis: bf7c407c2cedff20999df2af8eb42d56 -> 
  custom:audio-encoder-webm-vorbis: bf7c407c2cedff20999df2af8eb42d56 -> 
========================================================================
Received Prepare
Refreshing native plugins compatible for Editor in 11.87 ms, found 3 plugins.
Preloading 0 native plugins for Editor in 0.00 ms.
Unloading 14 Unused Serialized files (Serialized files now loaded: 0)
System memory in use before: 54.9 MB.
System memory in use after: 55.1 MB.

Unloading 14 unused Assets to reduce memory usage. Loaded Objects now: 2569.
Total: 8.486400 ms (FindLiveObjects: 0.510300 ms CreateObjectMapping: 0.265900 ms MarkObjects: 7.664300 ms  DeleteObjects: 0.043100 ms)

AssetImportParameters requested are different than current active one (requested -> active):
  custom:framework-win-MediaFoundation: 216162199b28c13a410421893ffa2e32 -> 
  custom:video-decoder-ogg-theora: a1e56fd34408186e4bbccfd4996cb3dc -> 
  custom:container-muxer-webm: aa71ff27fc2769a1b78a27578f13a17b -> 
  custom:container-demuxer-webm: 4f35f7cbe854078d1ac9338744f61a02 -> 
  custom:container-demuxer-ogg: 62fdf1f143b41e24485cea50d1cbac27 -> 
  custom:video-encoder-webm-vp8: eb34c28f22e8b96e1ab97ce403110664 -> 
  custom:video-codec-MediaFoundation-h265: 746d11721c4dcdbdad8f713fa42b33f4 -> 
  custom:video-decoder-webm-vp8: 9c59270c3fd7afecdb556c50c9e8de78 -> 
  custom:audio-decoder-ogg-vorbis: bf7c407c2cedff20999df2af8eb42d56 -> 
  custom:audio-encoder-webm-vorbis: bf7c407c2cedff20999df2af8eb42d56 -> 
AssetImportWorkerClient::OnTransportError - code=2 error=End of file
